<?xml version="1.0" encoding="UTF-8"?>
<testng-results skipped="0" failed="0" ignored="0" total="1" passed="1">
  <reporter-output>
  </reporter-output>
  <suite name="Suite" duration-ms="14816" started-at="2021-01-10T16:25:57Z" finished-at="2021-01-10T16:26:12Z">
    <groups>
    </groups>
    <test name="Test" duration-ms="14816" started-at="2021-01-10T16:25:57Z" finished-at="2021-01-10T16:26:12Z">
      <class name="org.automation.Blazedeomautomation">
        <test-method status="PASS" signature="finalbooking(java.lang.String, java.lang.String, java.lang.String, java.lang.String, java.lang.String, java.lang.String, java.lang.String, java.lang.String, java.lang.String)[pri:0, instance:org.automation.Blazedeomautomation@5e3a8624]" name="finalbooking" duration-ms="14797" started-at="2021-01-10T16:25:57Z" finished-at="2021-01-10T16:26:12Z">
          <params>
            <param index="0">
              <value>
                <![CDATA[Sarath]]>
              </value>
            </param>
            <param index="1">
              <value>
                <![CDATA[indian]]>
              </value>
            </param>
            <param index="2">
              <value>
                <![CDATA[chennai]]>
              </value>
            </param>
            <param index="3">
              <value>
                <![CDATA[tamilnadu]]>
              </value>
            </param>
            <param index="4">
              <value>
                <![CDATA[600059]]>
              </value>
            </param>
            <param index="5">
              <value>
                <![CDATA[1234567890]]>
              </value>
            </param>
            <param index="6">
              <value>
                <![CDATA[12]]>
              </value>
            </param>
            <param index="7">
              <value>
                <![CDATA[2025]]>
              </value>
            </param>
            <param index="8">
              <value>
                <![CDATA[Sarathmohan]]>
              </value>
            </param>
          </params>
          <reporter-output>
          </reporter-output>
        </test-method> <!-- finalbooking -->
      </class> <!-- org.automation.Blazedeomautomation -->
    </test> <!-- Test -->
  </suite> <!-- Suite -->
</testng-results>
